<?xml version="1.0" encoding="UTF-8"?>
<!-- Generated by org.testng.reporters.JUnitReportReporter -->
<testsuite skipped="0" hostname="lenovo" name="test.TestConduitUserSettingsPage" tests="2" failures="0" timestamp="04 Nov 2019 07:29:35 GMT" time="2.880" errors="0">
  <testcase name="tc07VerifyUserSettingsPageTest" time="2.563" classname="test.TestConduitUserSettingsPage"/>
  <testcase name="tc07VerifyLogoutUserTest" time="0.317" classname="test.TestConduitUserSettingsPage"/>
</testsuite> <!-- test.TestConduitUserSettingsPage -->
