<?xml version="1.0" encoding="UTF-8"?>
<!-- Generated by org.testng.reporters.JUnitReportReporter -->
<testsuite skipped="0" hostname="lenovo" name="test.TestConduitSignUpPage" tests="3" failures="0" timestamp="03 Nov 2019 17:53:02 GMT" time="2.159" errors="0">
  <testcase name="tc07VerifyErrorMessagesWhenSignUp" time="1.404" classname="test.TestConduitSignUpPage"/>
  <testcase name="tc06VerifySignUpPageTest" time="0.512" classname="test.TestConduitSignUpPage"/>
  <testcase name="tc08VerifyNavigationOnSignInPageFromHaveAnAccountLink" time="0.243" classname="test.TestConduitSignUpPage"/>
</testsuite> <!-- test.TestConduitSignUpPage -->
