<?xml version="1.0" encoding="UTF-8"?>
<!-- Generated by org.testng.reporters.JUnitReportReporter -->
<testsuite skipped="0" hostname="lenovo" name="test.TestConduitUserSettingsPage" tests="1" failures="0" timestamp="03 Nov 2019 16:36:49 GMT" time="3.162" errors="0">
  <testcase name="tc07VerifyUserSettingsPageTest" time="3.162" classname="test.TestConduitUserSettingsPage"/>
</testsuite> <!-- test.TestConduitUserSettingsPage -->
