<?xml version="1.0" encoding="UTF-8"?>
<!-- Generated by org.testng.reporters.JUnitReportReporter -->
<testsuite skipped="0" hostname="lenovo" name="test.TestConduitUserNewPostPage" tests="1" failures="0" timestamp="03 Nov 2019 16:36:49 GMT" time="2.489" errors="0">
  <testcase name="tc06VerifyUserNewPostPageTest" time="2.489" classname="test.TestConduitUserNewPostPage"/>
</testsuite> <!-- test.TestConduitUserNewPostPage -->
