<?xml version="1.0" encoding="UTF-8"?>
<!-- Generated by org.testng.reporters.JUnitReportReporter -->
<testsuite skipped="0" hostname="lenovo" name="test.TestConduitSignUpPage" tests="5" failures="0" timestamp="04 Nov 2019 05:47:41 GMT" time="6.039" errors="0">
  <testcase name="tc06VerifySignUpPageTest" time="0.523" classname="test.TestConduitSignUpPage"/>
  <testcase name="tc07VerifyErrorMessagesWhenSignUp" time="1.672" classname="test.TestConduitSignUpPage"/>
  <testcase name="tc05VerifySuccesfulSignUpTest" time="2.148" classname="test.TestConduitSignUpPage"/>
  <testcase name="tc05VerifySignUpForAlreadyTakenErrorTest" time="1.400" classname="test.TestConduitSignUpPage"/>
  <testcase name="tc08VerifyNavigationOnSignInPageFromHaveAnAccountLink" time="0.296" classname="test.TestConduitSignUpPage"/>
</testsuite> <!-- test.TestConduitSignUpPage -->
