<?xml version="1.0" encoding="UTF-8"?>
<!-- Generated by org.testng.reporters.JUnitReportReporter -->
<testsuite skipped="0" hostname="lenovo" name="test.TestConduitUserNewPostPage" tests="4" failures="0" timestamp="04 Nov 2019 06:44:18 GMT" time="11.304" errors="0">
  <testcase name="tc0VerifyDeleteArticleTest" time="0.906" classname="test.TestConduitUserNewPostPage"/>
  <testcase name="tc06VerifyUserNewPostPageTest" time="1.928" classname="test.TestConduitUserNewPostPage"/>
  <testcase name="tc0VerifyEditArticleTest" time="4.913" classname="test.TestConduitUserNewPostPage"/>
  <testcase name="tc0VerifyPostedNewPostTest" time="3.557" classname="test.TestConduitUserNewPostPage"/>
</testsuite> <!-- test.TestConduitUserNewPostPage -->
