<?xml version="1.0" encoding="UTF-8"?>
<!-- Generated by org.testng.reporters.JUnitReportReporter -->
<testsuite skipped="0" hostname="lenovo" name="test.TestConduitLandingPage" tests="2" failures="0" timestamp="03 Nov 2019 16:36:49 GMT" time="1.762" errors="0">
  <testcase name="tc01TitleTest" time="0.024" classname="test.TestConduitLandingPage"/>
  <testcase name="tc02VerifyLandingPageTest" time="1.738" classname="test.TestConduitLandingPage"/>
</testsuite> <!-- test.TestConduitLandingPage -->
