<?xml version="1.0" encoding="UTF-8"?>
<!-- Generated by org.testng.reporters.JUnitReportReporter -->
<testsuite hostname="lenovo" name="test.Test1" tests="4" failures="0" timestamp="2 Nov 2019 17:54:27 GMT" time="8.427" errors="0">
  <testcase name="tc02_elements_on_landing_page_test" time="2.092" classname="test.Test1"/>
  <testcase name="tc01_title_test" time="0.180" classname="test.Test1"/>
  <testcase name="tc04_verify_sign_up_page" time="5.570" classname="test.Test1"/>
  <testcase name="tc03_verify_sign_in_page" time="0.585" classname="test.Test1"/>
</testsuite> <!-- test.Test1 -->
