<?xml version="1.0" encoding="UTF-8"?>
<!-- Generated by org.testng.reporters.JUnitReportReporter -->
<testsuite hostname="lenovo" name="po.Test" tests="1" failures="0" timestamp="2 Nov 2019 07:38:08 GMT" time="0.015" errors="0">
  <testcase name="f" time="0.015" classname="po.Test"/>
</testsuite> <!-- po.Test -->
