<?xml version="1.0" encoding="UTF-8"?>
<!-- Generated by org.testng.reporters.JUnitReportReporter -->
<testsuite skipped="0" hostname="lenovo" name="test.TestConduitSignInPage" tests="3" failures="0" timestamp="03 Nov 2019 17:46:53 GMT" time="1.911" errors="0">
  <testcase name="tc04VerifyErrorMessageOnLogin" time="1.128" classname="test.TestConduitSignInPage"/>
  <testcase name="tc03VerifySignInPageTest" time="0.494" classname="test.TestConduitSignInPage"/>
  <testcase name="tc05VerifyNavigationOnSignUpPageFromNeedAnAccountLink" time="0.289" classname="test.TestConduitSignInPage"/>
</testsuite> <!-- test.TestConduitSignInPage -->
